2024-02-21T16:54:07.850Z GET /api/contacts 200 201.491 ms - {}
2024-02-21T16:54:35.579Z POST /api/contacts 400 31.666 ms - {"name":"string","email":"user@example.com","phone":""}
2024-02-21T17:01:58.757Z GET /api/contacts 304 238.751 ms - {}
2024-02-21T17:02:04.385Z GET /api-docs/ 200 12.659 ms - {}
2024-02-21T17:02:04.456Z GET /api-docs/swagger-ui-init.js 200 0.905 ms - {}
2024-02-21T17:02:04.463Z GET /api-docs/swagger-ui.css 200 15.143 ms - {}
2024-02-21T17:02:04.469Z GET /api-docs/swagger-ui-standalone-preset.js 200 10.959 ms - {}
2024-02-21T17:02:04.481Z GET /api-docs/swagger-ui-bundle.js 200 14.888 ms - {}
2024-02-21T17:02:04.874Z GET /api-docs/favicon-32x32.png 304 3.521 ms - {}
2024-02-21T17:02:13.002Z POST /api/contacts 401 2.549 ms - {"name":"string","email":"user@example.com","phone":"string"}
2024-02-21T17:05:48.507Z POST /api/contacts 401 6.413 ms - {"name":"string","email":"user@example.com","phone":"string"}
2024-02-21T17:06:55.526Z POST /api/contacts 401 5.351 ms - {"name":"string","email":"user@example.com","phone":"string"}
2024-02-21T17:08:18.944Z POST /api/contacts 401 8.402 ms - {"name":"string","email":"user@example.com","phone":"string"}
2024-02-21T17:09:19.038Z POST /api/users/login 401 341.810 ms - {"email":"v@gmail.com","password":"string"}
2024-02-21T17:09:34.321Z POST /api/users/login 200 311.229 ms - {"email":"v@gmail.com","password":"password"}
2024-02-21T17:14:26.816Z POST /api/users/login 200 2877.180 ms - {"email":"v@gmail.com","password":"password"}
2024-02-21T17:14:35.770Z POST /api/contacts 401 2.185 ms - {"name":"string","email":"user@example.com","phone":"string"}
2024-02-22T15:15:41.420Z GET /api-docs/ 304 9.801 ms - {}
2024-02-22T15:15:41.454Z GET /api-docs/swagger-ui.css 304 3.373 ms - {}
2024-02-22T15:15:41.462Z GET /api-docs/swagger-ui-init.js 304 1.373 ms - {}
2024-02-22T15:15:41.464Z GET /api-docs/swagger-ui-bundle.js 304 7.527 ms - {}
2024-02-22T15:15:41.465Z GET /api-docs/swagger-ui-standalone-preset.js 304 5.854 ms - {}
2024-02-22T16:10:28.385Z POST /api/users/login 200 238.642 ms - {"name":"Vaibhav","email":"b@gmail.com","password":"password","phone":7766554434}
2024-02-22T16:11:11.179Z POST /api/users/upload-image 401 2.372 ms - {}
2024-02-22T16:11:19.788Z POST /api/users/upload-image 200 9.037 ms - {}
2024-02-22T16:11:33.685Z POST /api/users/upload-image 200 3.148 ms - {}
2024-02-22T16:13:40.714Z POST /api/users/upload-image 200 23.540 ms - {}
2024-02-22T16:14:07.846Z POST /api/users/upload-image 200 30.352 ms - {}
2024-02-22T16:14:58.744Z POST /api/users/upload-image 200 31.369 ms - {}
2024-02-22T16:17:06.914Z POST /api/users/upload-image 200 26.808 ms - {}
2024-02-22T16:18:36.883Z POST /api/users/upload-image 400 14.086 ms - {}
2024-02-22T16:23:45.155Z POST /api/users/upload-image 400 14.137 ms - {}
2024-02-22T16:23:55.627Z POST /api/users/upload-image 400 7.250 ms - {}
2024-02-22T16:23:58.967Z POST /api/users/upload-image 400 6.062 ms - {}
2024-02-22T16:24:08.568Z POST /api/users/upload-image 400 3.479 ms - {}
2024-02-22T16:24:56.675Z POST /api/users/upload-image 400 3.036 ms - {}
2024-02-22T16:25:06.622Z POST /api/users/upload-image 400 2.479 ms - {}
2024-02-22T16:25:10.826Z POST /api/users/upload-image 400 1.913 ms - {}
2024-02-22T16:25:21.265Z POST /api/users/upload-image 400 2.232 ms - {}
2024-02-22T16:25:29.994Z POST /api/users/upload-image 400 14.357 ms - {}
2024-02-22T16:26:16.275Z POST /api/users/upload-image 400 4.233 ms - {}
2024-02-22T16:26:23.932Z POST /api/users/upload-image 400 5.616 ms - {}
2024-02-22T16:26:34.084Z POST /api/users/upload-image 400 2.710 ms - {}
2024-02-22T16:28:46.692Z POST /api/users/upload-image 400 12.796 ms - {}
2024-02-22T16:28:55.419Z POST /api/users/upload-image 400 6.919 ms - {}
2024-02-22T16:29:05.894Z POST /api/users/upload-image 400 3.792 ms - {}
2024-02-22T16:31:35.642Z POST /api/users/upload-image 400 28.442 ms - {}
2024-02-22T16:31:39.389Z POST /api/users/upload-image 400 5.238 ms - {}
2024-02-22T16:32:16.053Z POST /api/users/login 200 380.154 ms - {"name":"Vaibhav","email":"b@gmail.com","password":"password","phone":7766554434}
2024-02-22T16:32:36.414Z POST /api/users/upload-image 400 4.390 ms - {}
2024-02-22T16:33:32.883Z POST /api/users/upload-image 400 3.516 ms - {}
2024-02-22T16:36:07.976Z POST /api/users/upload-image 400 14.792 ms - {}
2024-02-22T16:36:53.757Z POST /api/users/upload-image 400 22.402 ms - {}
2024-02-22T16:40:44.973Z POST /api/users/upload-image 400 8.090 ms - {}
2024-02-22T16:40:54.437Z POST /api/users/upload-image 401 2.711 ms - {}
2024-02-22T16:41:00.008Z POST /api/users/upload-image 400 7.563 ms - {}
2024-02-22T16:41:17.777Z POST /api/users/upload-image 400 5.363 ms - {}
2024-02-22T16:41:35.436Z POST /api/users/upload-image 400 6.236 ms - {}
2024-02-22T16:41:48.917Z POST /api/users/upload-image 400 5.759 ms - {}
2024-02-22T16:56:03.255Z POST /api/users/upload-image 400 22.188 ms - {}
2024-02-22T16:57:26.903Z POST /api/users/upload-image 400 20.814 ms - {}
2024-02-22T16:58:23.290Z POST /api/users/upload-image 400 8.520 ms - {}
2024-02-22T16:59:22.555Z POST /api/users/upload-image 200 31.848 ms - {}
2024-02-22T16:59:43.152Z POST /api/users/upload-image 200 29.083 ms - {}
2024-02-22T17:02:56.795Z POST /api/users/upload-image 200 28.477 ms - {}
2024-02-22T17:06:59.244Z POST /api/users/upload-image 200 13.888 ms - {}
2024-02-22T17:07:05.436Z POST /api/users/upload-image 200 3.276 ms - {}
2024-02-22T17:07:12.566Z POST /api/users/upload-image 200 21.310 ms - {}
2024-02-22T17:07:31.965Z POST /api/users/upload-image 200 38.251 ms - {}
2024-02-22T17:07:54.758Z POST /api/users/upload-image 400 20.225 ms - {}
2024-02-22T17:08:39.787Z POST /api/users/upload-image 200 34.783 ms - {}
2024-02-22T17:10:04.454Z POST /api/users/upload-image 200 22.562 ms - {}
2024-02-22T17:14:06.541Z POST /api/users/upload-image 400 9.789 ms - {}
2024-02-22T17:18:19.945Z POST /api/users/upload-image 400 354.394 ms - {}
2024-02-22T17:18:51.836Z POST /api/users/upload-image 200 7.145 ms - {}
2024-02-22T17:21:55.230Z POST /api/users/upload-image 200 26.470 ms - {}
2024-02-22T17:22:04.987Z POST /api/users/upload-image 400 4.358 ms - {}
2024-02-22T17:22:15.123Z POST /api/users/upload-image 400 403.361 ms - {}
2024-02-22T17:23:17.497Z GET /api-docs/ 304 6.674 ms - {}
2024-02-22T17:23:17.527Z GET /api-docs/swagger-ui.css 304 4.654 ms - {}
2024-02-22T17:23:17.535Z GET /api-docs/swagger-ui-bundle.js 304 3.487 ms - {}
2024-02-22T17:23:17.540Z GET /api-docs/swagger-ui-init.js 200 1.059 ms - {}
2024-02-22T17:23:17.543Z GET /api-docs/swagger-ui-standalone-preset.js 304 5.005 ms - {}
2024-02-22T17:23:17.821Z GET /api-docs/favicon-32x32.png 304 0.956 ms - {}
2024-02-22T17:23:57.969Z POST /upload-image 404 405.993 ms - {}
2024-02-22T17:24:30.045Z GET /api-docs/ 200 5.530 ms - {}
2024-02-22T17:24:30.092Z GET /api-docs/swagger-ui.css 200 11.475 ms - {}
2024-02-22T17:24:30.101Z GET /api-docs/swagger-ui-init.js 200 1.021 ms - {}
2024-02-22T17:24:30.106Z GET /api-docs/swagger-ui-standalone-preset.js 200 11.694 ms - {}
2024-02-22T17:24:30.134Z GET /api-docs/swagger-ui-bundle.js 200 11.546 ms - {}
2024-02-22T17:24:30.503Z GET /api-docs/favicon-32x32.png 304 1.121 ms - {}
2024-02-22T17:25:02.489Z GET /api-docs/ 200 8.925 ms - {}
2024-02-22T17:25:02.516Z GET /api-docs/swagger-ui.css 304 3.310 ms - {}
2024-02-22T17:25:02.524Z GET /api-docs/swagger-ui-bundle.js 304 3.146 ms - {}
2024-02-22T17:25:02.528Z GET /api-docs/swagger-ui-init.js 200 0.726 ms - {}
2024-02-22T17:25:02.530Z GET /api-docs/swagger-ui-standalone-preset.js 304 3.845 ms - {}
2024-02-22T17:25:03.458Z GET /api-docs/favicon-32x32.png 304 1.153 ms - {}
2024-02-22T17:25:16.820Z POST /api/users/upload-image 401 4.155 ms - {}
2024-02-22T17:25:31.421Z POST /api/users/login 401 332.082 ms - {"email":"user@example.com","password":"string"}
2024-02-22T17:25:53.222Z POST /api/users/login 200 247.675 ms - {"email":"v@gmail.com","password":"password"}
2024-02-22T17:26:16.223Z POST /api/users/upload-image 401 1.571 ms - {}
2024-02-22T17:26:19.501Z POST /api/users/upload-image 401 1.123 ms - {}
2024-02-22T17:27:36.488Z GET /api-docs/ 200 11.123 ms - {}
2024-02-22T17:27:36.540Z GET /api-docs/swagger-ui-init.js 200 0.444 ms - {}
2024-02-22T17:27:36.545Z GET /api-docs/swagger-ui.css 200 16.049 ms - {}
2024-02-22T17:27:36.555Z GET /api-docs/swagger-ui-standalone-preset.js 200 12.781 ms - {}
2024-02-22T17:27:36.571Z GET /api-docs/swagger-ui-bundle.js 200 15.122 ms - {}
2024-02-22T17:27:36.977Z GET /api-docs/favicon-32x32.png 304 3.947 ms - {}
2024-02-22T17:27:52.139Z POST /api/users/upload-image 400 15.299 ms - {"image":""}
2024-02-22T17:28:00.087Z POST /api/users/upload-image 400 255.151 ms - {}
2024-02-22T17:28:10.400Z POST /api/users/upload-image 200 9.583 ms - {}
2024-02-23T15:33:13.660Z GET /api-docs/ 304 8.037 ms - {}
2024-02-23T15:33:13.689Z GET /api-docs/swagger-ui.css 304 6.508 ms - {}
2024-02-23T15:33:13.691Z GET /api-docs/swagger-ui-standalone-preset.js 304 7.440 ms - {}
2024-02-23T15:33:13.694Z GET /api-docs/swagger-ui-init.js 304 0.638 ms - {}
2024-02-23T15:33:13.696Z GET /api-docs/swagger-ui-bundle.js 304 3.254 ms - {}
2024-02-23T15:33:14.460Z GET /api-docs/favicon-32x32.png 304 0.931 ms - {}
2024-02-23T15:35:26.406Z POST /api/users/login 200 257.897 ms - {"email":"v@gmail.com","password":"password"}
2024-02-23T15:36:11.887Z POST /api/users/upload-image 400 557.610 ms - {}
2024-02-23T15:36:22.405Z POST /api/users/upload-image 200 8.776 ms - {}
2024-02-23T15:43:04.909Z POST /api/users/upload-image 200 138.613 ms - {}
2024-02-23T15:49:29.681Z POST /api/users/upload-image 200 23.991 ms - {}
2024-02-23T15:58:06.636Z POST /api/users/upload-image 200 2583.704 ms - {}
2024-02-23T16:02:54.170Z POST /api/users/upload-image 200 274.465 ms - {}
2024-02-23T16:03:21.278Z GET /api/users/current 200 3.149 ms - {}
2024-02-23T16:04:11.835Z POST /api/users/login 200 197.433 ms - {"email":"v@gmail.com","password":"password"}
2024-02-23T16:04:34.452Z GET /api/users/current 304 2.769 ms - {}
2024-02-23T16:05:19.150Z GET /api/users/current 304 7.238 ms - {}
2024-02-23T16:05:24.316Z POST /api/users/login 200 182.496 ms - {"email":"v@gmail.com","password":"password"}
2024-02-23T16:05:41.326Z GET /api/users/current 200 3.322 ms - {}
2024-02-23T16:21:51.734Z POST /api/users/upload-image 200 33.091 ms - {}
2024-02-23T16:24:53.992Z POST /api/users/upload-image 500 1857.310 ms - {}
2024-02-23T16:31:43.935Z POST /api/users/upload-image 500 205.683 ms - {}
2024-02-23T16:36:59.794Z POST /api/users/upload-image 500 162.020 ms - {}
2024-02-23T16:39:27.309Z POST /api/users/upload-image 500 144.622 ms - {}
2024-02-23T16:40:01.035Z POST /api/users/upload-image 500 1927.519 ms - {}
2024-02-23T16:40:45.734Z POST /api/users/upload-image 500 2076.415 ms - {}
2024-02-23T16:43:16.579Z POST /api/users/upload-image 500 1038.228 ms - {}
2024-02-23T16:47:38.666Z POST /api/users/upload-image 200 1933.023 ms - {}
2024-02-23T16:48:56.302Z GET /api/users/current 304 3.900 ms - {}
2024-02-23T16:50:21.665Z POST /api/users/upload-image 200 233.556 ms - {}
2024-02-23T17:00:37.289Z POST /api/users/upload-image 200 263.606 ms - {}
2024-02-23T17:01:03.410Z POST /api/users/upload-image 200 1896.754 ms - {}
2024-02-23T17:01:44.838Z POST /api/users/upload-image 200 289.237 ms - {}
2024-02-23T17:01:57.405Z POST /api/users/upload-image 200 206.268 ms - {}
2024-02-23T17:02:06.400Z POST /api/users/upload-image 200 211.739 ms - {}
2024-02-23T17:03:19.570Z POST /api/users/upload-image 200 296.961 ms - {}
2024-02-23T17:03:31.576Z POST /api/users/upload-image 200 1957.534 ms - {}
2024-02-24T13:28:53.983Z POST /api/users/login 200 235.759 ms - {"name":"Vaibhav","email":"b@gmail.com","password":"password","phone":7766554434}
2024-02-24T13:28:56.823Z POST /api/users/login 200 181.762 ms - {"name":"Vaibhav","email":"b@gmail.com","password":"password","phone":7766554434}
2024-02-24T13:30:09.396Z GET /api/contacts 200 12.772 ms - {}
2024-02-24T13:30:18.574Z GET /api/contacts 200 4.459 ms - {}
2024-02-24T13:34:15.935Z GET /api-docs/ 200 6.468 ms - {}
2024-02-24T13:34:15.973Z GET /api-docs/swagger-ui-init.js 200 0.533 ms - {}
2024-02-24T13:34:16.021Z GET /api-docs/swagger-ui.css 200 35.161 ms - {}
2024-02-24T13:34:16.024Z GET /api-docs/swagger-ui-standalone-preset.js 200 20.639 ms - {}
2024-02-24T13:34:16.092Z GET /api-docs/swagger-ui-bundle.js 200 26.340 ms - {}
2024-02-24T13:34:16.687Z GET /api-docs/favicon-32x32.png 200 2.244 ms - {}
2024-02-24T13:34:20.793Z POST /api/users/login 401 279.417 ms - {"email":"user@example.com","password":"string"}
2024-02-24T13:43:01.863Z GET /api-docs/ 304 6.041 ms - {}
2024-02-24T13:43:01.891Z GET /api-docs/swagger-ui.css 304 3.710 ms - {}
2024-02-24T13:43:01.893Z GET /api-docs/swagger-ui-bundle.js 304 4.781 ms - {}
2024-02-24T13:43:01.898Z GET /api-docs/swagger-ui-standalone-preset.js 304 2.134 ms - {}
2024-02-24T13:43:01.904Z GET /api-docs/swagger-ui-init.js 200 1.550 ms - {}
2024-02-24T13:43:02.267Z GET /api-docs/favicon-32x32.png 304 0.963 ms - {}
2024-02-27T06:29:43.111Z POST /api/users/login 200 147.613 ms - {"name":"Vaibhav","email":"b@gmail.com","password":"password","phone":7766554434}
2024-02-27T06:30:37.987Z GET /api/contacts 200 33928.871 ms - {}
2024-02-27T06:30:44.696Z GET /api/contacts 200 8.659 ms - {}
2024-02-27T06:30:47.772Z GET /api/contacts 200 6.641 ms - {}
2024-02-27T06:30:58.634Z GET /api/contacts 200 107.149 ms - {}
2024-02-27T06:31:18.031Z GET /api/contacts 200 6.984 ms - {}
