[2024-02-21T16:54:35.579Z] POST /api/contacts 400 31.666 ms - {"name":"string","email":"user@example.com","phone":""}
[2024-02-21T17:02:13.002Z] POST /api/contacts 401 2.549 ms - {"name":"string","email":"user@example.com","phone":"string"}
[2024-02-21T17:08:18.945Z] POST /api/contacts 401 8.402 ms - {"name":"string","email":"user@example.com","phone":"string"} - No error message available
[2024-02-21T17:09:19.038Z] POST /api/users/login 401 341.810 ms - {"email":"v@gmail.com","password":"string"} - No error message available
[2024-02-21T17:14:35.770Z] POST /api/contacts 401 2.185 ms - {"name":"string","email":"user@example.com","phone":"string"} - No error message available
[2024-02-22T16:11:11.179Z] POST /api/users/upload-image 401 2.372 ms - {} - No error message available
[2024-02-22T16:18:36.884Z] POST /api/users/upload-image 400 14.086 ms - {} - No error message available
[2024-02-22T16:23:45.156Z] POST /api/users/upload-image 400 14.137 ms - {} - No error message available
[2024-02-22T16:23:55.627Z] POST /api/users/upload-image 400 7.250 ms - {} - No error message available
[2024-02-22T16:23:58.967Z] POST /api/users/upload-image 400 6.062 ms - {} - No error message available
[2024-02-22T16:24:08.568Z] POST /api/users/upload-image 400 3.479 ms - {} - No error message available
[2024-02-22T16:24:56.675Z] POST /api/users/upload-image 400 3.036 ms - {} - No error message available
[2024-02-22T16:25:06.622Z] POST /api/users/upload-image 400 2.479 ms - {} - No error message available
[2024-02-22T16:25:10.826Z] POST /api/users/upload-image 400 1.913 ms - {} - No error message available
[2024-02-22T16:25:21.265Z] POST /api/users/upload-image 400 2.232 ms - {} - No error message available
[2024-02-22T16:25:29.995Z] POST /api/users/upload-image 400 14.357 ms - {} - No error message available
[2024-02-22T16:26:16.275Z] POST /api/users/upload-image 400 4.233 ms - {} - No error message available
[2024-02-22T16:26:23.933Z] POST /api/users/upload-image 400 5.616 ms - {} - No error message available
[2024-02-22T16:26:34.084Z] POST /api/users/upload-image 400 2.710 ms - {} - No error message available
[2024-02-22T16:28:46.692Z] POST /api/users/upload-image 400 12.796 ms - {} - No error message available
[2024-02-22T16:28:55.419Z] POST /api/users/upload-image 400 6.919 ms - {} - No error message available
[2024-02-22T16:29:05.895Z] POST /api/users/upload-image 400 3.792 ms - {} - No error message available
[2024-02-22T16:31:35.643Z] POST /api/users/upload-image 400 28.442 ms - {} - No error message available
[2024-02-22T16:31:39.389Z] POST /api/users/upload-image 400 5.238 ms - {} - No error message available
[2024-02-22T16:32:36.414Z] POST /api/users/upload-image 400 4.390 ms - {} - No error message available
[2024-02-22T16:33:32.883Z] POST /api/users/upload-image 400 3.516 ms - {} - No error message available
[2024-02-22T16:36:07.977Z] POST /api/users/upload-image 400 14.792 ms - {} - No error message available
[2024-02-22T16:36:53.758Z] POST /api/users/upload-image 400 22.402 ms - {} - No error message available
[2024-02-22T16:40:44.973Z] POST /api/users/upload-image 400 8.090 ms - {} - No error message available
[2024-02-22T16:40:54.437Z] POST /api/users/upload-image 401 2.711 ms - {} - No error message available
[2024-02-22T16:41:00.008Z] POST /api/users/upload-image 400 7.563 ms - {} - No error message available
[2024-02-22T16:41:17.777Z] POST /api/users/upload-image 400 5.363 ms - {} - No error message available
[2024-02-22T16:41:35.436Z] POST /api/users/upload-image 400 6.236 ms - {} - No error message available
[2024-02-22T16:41:48.917Z] POST /api/users/upload-image 400 5.759 ms - {} - No error message available
[2024-02-22T16:56:03.255Z] POST /api/users/upload-image 400 22.188 ms - {} - No error message available
[2024-02-22T16:57:26.904Z] POST /api/users/upload-image 400 20.814 ms - {} - No error message available
[2024-02-22T16:58:23.290Z] POST /api/users/upload-image 400 8.520 ms - {} - No error message available
[2024-02-22T17:07:54.759Z] POST /api/users/upload-image 400 20.225 ms - {} - No error message available
[2024-02-22T17:14:06.542Z] POST /api/users/upload-image 400 9.789 ms - {} - No error message available
[2024-02-22T17:18:19.946Z] POST /api/users/upload-image 400 354.394 ms - {} - No error message available
[2024-02-22T17:22:04.987Z] POST /api/users/upload-image 400 4.358 ms - {} - No error message available
[2024-02-22T17:22:15.123Z] POST /api/users/upload-image 400 403.361 ms - {} - No error message available
[2024-02-22T17:23:57.969Z] POST /upload-image 404 405.993 ms - {} - No error message available
[2024-02-22T17:25:16.820Z] POST /api/users/upload-image 401 4.155 ms - {} - No error message available
[2024-02-22T17:25:31.421Z] POST /api/users/login 401 332.082 ms - {"email":"user@example.com","password":"string"} - No error message available
[2024-02-22T17:26:16.223Z] POST /api/users/upload-image 401 1.571 ms - {} - No error message available
[2024-02-22T17:26:19.501Z] POST /api/users/upload-image 401 1.123 ms - {} - No error message available
[2024-02-22T17:27:52.139Z] POST /api/users/upload-image 400 15.299 ms - {"image":""} - No error message available
[2024-02-22T17:28:00.088Z] POST /api/users/upload-image 400 255.151 ms - {} - No error message available
[2024-02-23T15:36:11.887Z] POST /api/users/upload-image 400 557.610 ms - {} - No error message available
[2024-02-23T16:24:53.992Z] POST /api/users/upload-image 500 1857.310 ms - {} - No error message available
[2024-02-23T16:31:43.935Z] POST /api/users/upload-image 500 205.683 ms - {} - No error message available
[2024-02-23T16:36:59.794Z] POST /api/users/upload-image 500 162.020 ms - {} - No error message available
[2024-02-23T16:39:27.309Z] POST /api/users/upload-image 500 144.622 ms - {} - No error message available
[2024-02-23T16:40:01.036Z] POST /api/users/upload-image 500 1927.519 ms - {} - No error message available
[2024-02-23T16:40:45.735Z] POST /api/users/upload-image 500 2076.415 ms - {} - No error message available
[2024-02-23T16:43:16.580Z] POST /api/users/upload-image 500 1038.228 ms - {} - No error message available
